0 info it worked if it ends with ok
1 verbose cli [ 'C:\\Program Files\\nodejs\\node.exe',
1 verbose cli   'C:\\Program Files\\nodejs\\node_modules\\npm\\bin\\npm-cli.js',
1 verbose cli   'install',
1 verbose cli   '_g',
1 verbose cli   'firebase-tools',
1 verbose cli   'to',
1 verbose cli   'update' ]
2 info using npm@3.10.10
3 info using node@v6.10.3
4 silly loadCurrentTree Starting
5 silly install loadCurrentTree
6 silly install readLocalPackageData
7 silly fetchPackageMetaData _g
8 silly fetchPackageMetaData firebase-tools
9 silly fetchPackageMetaData to
10 silly fetchPackageMetaData update
11 silly fetchOtherPackageData _g
12 silly cache add args [ '_g', null ]
13 verbose cache add spec _g
14 silly fetchNamedPackageData firebase-tools
15 silly mapToRegistry name firebase-tools
16 silly mapToRegistry using default registry
17 silly mapToRegistry registry https://registry.npmjs.org/
18 silly mapToRegistry data Result {
18 silly mapToRegistry   raw: 'firebase-tools',
18 silly mapToRegistry   scope: null,
18 silly mapToRegistry   escapedName: 'firebase-tools',
18 silly mapToRegistry   name: 'firebase-tools',
18 silly mapToRegistry   rawSpec: '',
18 silly mapToRegistry   spec: 'latest',
18 silly mapToRegistry   type: 'tag' }
19 silly mapToRegistry uri https://registry.npmjs.org/firebase-tools
20 silly fetchNamedPackageData to
21 silly mapToRegistry name to
22 silly mapToRegistry using default registry
23 silly mapToRegistry registry https://registry.npmjs.org/
24 silly mapToRegistry data Result {
24 silly mapToRegistry   raw: 'to',
24 silly mapToRegistry   scope: null,
24 silly mapToRegistry   escapedName: 'to',
24 silly mapToRegistry   name: 'to',
24 silly mapToRegistry   rawSpec: '',
24 silly mapToRegistry   spec: 'latest',
24 silly mapToRegistry   type: 'tag' }
25 silly mapToRegistry uri https://registry.npmjs.org/to
26 silly fetchNamedPackageData update
27 silly mapToRegistry name update
28 silly mapToRegistry using default registry
29 silly mapToRegistry registry https://registry.npmjs.org/
30 silly mapToRegistry data Result {
30 silly mapToRegistry   raw: 'update',
30 silly mapToRegistry   scope: null,
30 silly mapToRegistry   escapedName: 'update',
30 silly mapToRegistry   name: 'update',
30 silly mapToRegistry   rawSpec: '',
30 silly mapToRegistry   spec: 'latest',
30 silly mapToRegistry   type: 'tag' }
31 silly mapToRegistry uri https://registry.npmjs.org/update
32 silly cache add parsed spec Result {
32 silly cache add   raw: '_g',
32 silly cache add   scope: null,
32 silly cache add   escapedName: null,
32 silly cache add   name: null,
32 silly cache add   rawSpec: '_g',
32 silly cache add   spec: 'C:\\Bitnami\\wampstack-5.6.21-2\\apache2\\htdocs\\noQ\\_g',
32 silly cache add   type: 'local' }
33 verbose request uri https://registry.npmjs.org/to
34 verbose request no auth needed
35 info attempt registry request try #1 at 13:54:22
36 verbose request id 08e0d2b8372044ba
37 http request GET https://registry.npmjs.org/to
38 verbose request uri https://registry.npmjs.org/update
39 verbose request no auth needed
40 info attempt registry request try #1 at 13:54:22
41 http request GET https://registry.npmjs.org/update
42 error addLocal Could not install C:\Bitnami\wampstack-5.6.21-2\apache2\htdocs\noQ\_g
43 silly fetchPackageMetaData Error: ENOENT: no such file or directory, open 'C:\Bitnami\wampstack-5.6.21-2\apache2\htdocs\noQ\_g'
43 silly fetchPackageMetaData     at Error (native)
43 silly fetchPackageMetaData  error for _g { Error: ENOENT: no such file or directory, open 'C:\Bitnami\wampstack-5.6.21-2\apache2\htdocs\noQ\_g'
43 silly fetchPackageMetaData     at Error (native)
43 silly fetchPackageMetaData   errno: -4058,
43 silly fetchPackageMetaData   code: 'ENOENT',
43 silly fetchPackageMetaData   syscall: 'open',
43 silly fetchPackageMetaData   path: 'C:\\Bitnami\\wampstack-5.6.21-2\\apache2\\htdocs\\noQ\\_g' }
44 verbose request uri https://registry.npmjs.org/firebase-tools
45 verbose request no auth needed
46 info attempt registry request try #1 at 13:54:22
47 verbose etag W/"590bc075-1b1b7"
48 verbose lastModified Thu, 04 May 2017 23:59:49 GMT
49 http request GET https://registry.npmjs.org/firebase-tools
50 http 200 https://registry.npmjs.org/to
51 verbose headers { server: 'nginx/1.10.1',
51 verbose headers   'content-type': 'application/json',
51 verbose headers   'last-modified': 'Wed, 12 Dec 2012 02:47:19 GMT',
51 verbose headers   etag: 'W/"50c7f037-91a2"',
51 verbose headers   'content-encoding': 'gzip',
51 verbose headers   'cache-control': 'max-age=300',
51 verbose headers   'content-length': '3493',
51 verbose headers   'accept-ranges': 'bytes',
51 verbose headers   date: 'Mon, 22 May 2017 04:54:23 GMT',
51 verbose headers   via: '1.1 varnish',
51 verbose headers   age: '0',
51 verbose headers   connection: 'keep-alive',
51 verbose headers   'x-served-by': 'cache-nrt6128-NRT',
51 verbose headers   'x-cache': 'HIT',
51 verbose headers   'x-cache-hits': '1',
51 verbose headers   'x-timer': 'S1495428863.411240,VS0,VE136',
51 verbose headers   vary: 'Accept-Encoding' }
52 silly get cb [ 200,
52 silly get   { server: 'nginx/1.10.1',
52 silly get     'content-type': 'application/json',
52 silly get     'last-modified': 'Wed, 12 Dec 2012 02:47:19 GMT',
52 silly get     etag: 'W/"50c7f037-91a2"',
52 silly get     'content-encoding': 'gzip',
52 silly get     'cache-control': 'max-age=300',
52 silly get     'content-length': '3493',
52 silly get     'accept-ranges': 'bytes',
52 silly get     date: 'Mon, 22 May 2017 04:54:23 GMT',
52 silly get     via: '1.1 varnish',
52 silly get     age: '0',
52 silly get     connection: 'keep-alive',
52 silly get     'x-served-by': 'cache-nrt6128-NRT',
52 silly get     'x-cache': 'HIT',
52 silly get     'x-cache-hits': '1',
52 silly get     'x-timer': 'S1495428863.411240,VS0,VE136',
52 silly get     vary: 'Accept-Encoding' } ]
53 verbose get saving to to C:\Users\Lee\AppData\Roaming\npm-cache\registry.npmjs.org\to\.cache.json
54 verbose correctMkdir C:\Users\Lee\AppData\Roaming\npm-cache correctMkdir not in flight; initializing
55 http 200 https://registry.npmjs.org/firebase-tools
56 verbose headers { server: 'nginx/1.10.1',
56 verbose headers   'content-type': 'application/json',
56 verbose headers   'last-modified': 'Wed, 17 May 2017 20:02:56 GMT',
56 verbose headers   etag: 'W/"591cac70-1c5d8"',
56 verbose headers   'content-encoding': 'gzip',
56 verbose headers   'cache-control': 'max-age=300',
56 verbose headers   'content-length': '10499',
56 verbose headers   'accept-ranges': 'bytes',
56 verbose headers   date: 'Mon, 22 May 2017 04:54:23 GMT',
56 verbose headers   via: '1.1 varnish',
56 verbose headers   age: '0',
56 verbose headers   connection: 'keep-alive',
56 verbose headers   'x-served-by': 'cache-nrt6127-NRT',
56 verbose headers   'x-cache': 'HIT',
56 verbose headers   'x-cache-hits': '1',
56 verbose headers   'x-timer': 'S1495428863.411166,VS0,VE139',
56 verbose headers   vary: 'Accept-Encoding' }
57 silly get cb [ 200,
57 silly get   { server: 'nginx/1.10.1',
57 silly get     'content-type': 'application/json',
57 silly get     'last-modified': 'Wed, 17 May 2017 20:02:56 GMT',
57 silly get     etag: 'W/"591cac70-1c5d8"',
57 silly get     'content-encoding': 'gzip',
57 silly get     'cache-control': 'max-age=300',
57 silly get     'content-length': '10499',
57 silly get     'accept-ranges': 'bytes',
57 silly get     date: 'Mon, 22 May 2017 04:54:23 GMT',
57 silly get     via: '1.1 varnish',
57 silly get     age: '0',
57 silly get     connection: 'keep-alive',
57 silly get     'x-served-by': 'cache-nrt6127-NRT',
57 silly get     'x-cache': 'HIT',
57 silly get     'x-cache-hits': '1',
57 silly get     'x-timer': 'S1495428863.411166,VS0,VE139',
57 silly get     vary: 'Accept-Encoding' } ]
58 verbose get saving firebase-tools to C:\Users\Lee\AppData\Roaming\npm-cache\registry.npmjs.org\firebase-tools\.cache.json
59 verbose correctMkdir C:\Users\Lee\AppData\Roaming\npm-cache correctMkdir not in flight; initializing
60 http 200 https://registry.npmjs.org/update
61 verbose headers { server: 'nginx/1.10.1',
61 verbose headers   'content-type': 'application/json',
61 verbose headers   'last-modified': 'Sat, 15 Apr 2017 21:10:26 GMT',
61 verbose headers   etag: 'W/"58f28c42-14d29"',
61 verbose headers   'content-encoding': 'gzip',
61 verbose headers   'cache-control': 'max-age=300',
61 verbose headers   'content-length': '13183',
61 verbose headers   'accept-ranges': 'bytes',
61 verbose headers   date: 'Mon, 22 May 2017 04:54:23 GMT',
61 verbose headers   via: '1.1 varnish',
61 verbose headers   age: '0',
61 verbose headers   connection: 'keep-alive',
61 verbose headers   'x-served-by': 'cache-nrt6135-NRT',
61 verbose headers   'x-cache': 'HIT',
61 verbose headers   'x-cache-hits': '1',
61 verbose headers   'x-timer': 'S1495428863.409680,VS0,VE138',
61 verbose headers   vary: 'Accept-Encoding' }
62 silly get cb [ 200,
62 silly get   { server: 'nginx/1.10.1',
62 silly get     'content-type': 'application/json',
62 silly get     'last-modified': 'Sat, 15 Apr 2017 21:10:26 GMT',
62 silly get     etag: 'W/"58f28c42-14d29"',
62 silly get     'content-encoding': 'gzip',
62 silly get     'cache-control': 'max-age=300',
62 silly get     'content-length': '13183',
62 silly get     'accept-ranges': 'bytes',
62 silly get     date: 'Mon, 22 May 2017 04:54:23 GMT',
62 silly get     via: '1.1 varnish',
62 silly get     age: '0',
62 silly get     connection: 'keep-alive',
62 silly get     'x-served-by': 'cache-nrt6135-NRT',
62 silly get     'x-cache': 'HIT',
62 silly get     'x-cache-hits': '1',
62 silly get     'x-timer': 'S1495428863.409680,VS0,VE138',
62 silly get     vary: 'Accept-Encoding' } ]
63 verbose get saving update to C:\Users\Lee\AppData\Roaming\npm-cache\registry.npmjs.org\update\.cache.json
64 verbose correctMkdir C:\Users\Lee\AppData\Roaming\npm-cache correctMkdir not in flight; initializing
65 silly rollbackFailedOptional Starting
66 silly rollbackFailedOptional Finishing
67 silly runTopLevelLifecycles Finishing
68 silly install printInstalled
69 verbose stack Error: ENOENT: no such file or directory, open 'C:\Bitnami\wampstack-5.6.21-2\apache2\htdocs\noQ\_g'
69 verbose stack     at Error (native)
70 verbose cwd C:\Bitnami\wampstack-5.6.21-2\apache2\htdocs\noQ
71 error Windows_NT 6.3.9600
72 error argv "C:\\Program Files\\nodejs\\node.exe" "C:\\Program Files\\nodejs\\node_modules\\npm\\bin\\npm-cli.js" "install" "_g" "firebase-tools" "to" "update"
73 error node v6.10.3
74 error npm  v3.10.10
75 error path C:\Bitnami\wampstack-5.6.21-2\apache2\htdocs\noQ\_g
76 error code ENOENT
77 error errno -4058
78 error syscall open
79 error enoent ENOENT: no such file or directory, open 'C:\Bitnami\wampstack-5.6.21-2\apache2\htdocs\noQ\_g'
80 error enoent ENOENT: no such file or directory, open 'C:\Bitnami\wampstack-5.6.21-2\apache2\htdocs\noQ\_g'
80 error enoent This is most likely not a problem with npm itself
80 error enoent and is related to npm not being able to find a file.
81 verbose exit [ -4058, true ]
